# JRE version: OpenJDK Runtime Environment (21.0.4) (build 21.0.4+-12508038-b607.1)
# Java VM: OpenJDK 64-Bit Server VM (21.0.4+-12508038-b607.1, mixed mode, tiered, compressed oops, compressed class ptrs, g1 gc, windows-amd64)
GC Precious Log:
 CardTable entry size: 512
 Card Set container configuration: InlinePtr #cards 5 size 8 Array Of Cards #cards 12 size 40 Howl #buckets 4 coarsen threshold 1843 Howl Bitmap #cards 512 size 80 coarsen threshold 460 Card regions per heap region 1 cards per card region 2048
 CPUs: 8 total, 8 available
 Memory: 16221M
 Large Page Support: Disabled
 NUMA Support: Disabled
 Compressed Oops: Enabled (32-bit)
 Heap Region Size: 1M
 Heap Min Capacity: 8M
 Heap Initial Capacity: 254M
 Heap Max Capacity: 2G
 Pre-touch: Disabled
 Parallel Workers: 8
 Concurrent Workers: 2
 Concurrent Refinement Workers: 8
 Periodic GC: Disabled
Heap:
 garbage-first heap   total 330752K, used 290583K [0x0000000080000000, 0x0000000100000000)
  region size 1024K, 156 young (159744K), 4 survivors (4096K)
 Metaspace       used 135832K, committed 138176K, reserved 1179648K
  class space    used 18630K, committed 19840K, reserved 1048576K
GC Heap History (20 events):
Event: 15.315 GC heap before
{Heap before GC invocations=41 (full 0):
 garbage-first heap   total 186368K, used 168660K [0x0000000080000000, 0x0000000100000000)
  region size 1024K, 58 young (59392K), 6 survivors (6144K)
 Metaspace       used 105747K, committed 107840K, reserved 1179648K
  class space    used 14484K, committed 15552K, reserved 1048576K
}
Event: 15.321 GC heap after
{Heap after GC invocations=42 (full 0):
 garbage-first heap   total 186368K, used 119736K [0x0000000080000000, 0x0000000100000000)
  region size 1024K, 8 young (8192K), 8 survivors (8192K)
 Metaspace       used 105747K, committed 107840K, reserved 1179648K
  class space    used 14484K, committed 15552K, reserved 1048576K
}
Event: 15.797 GC heap before
{Heap before GC invocations=42 (full 0):
 garbage-first heap   total 186368K, used 166840K [0x0000000080000000, 0x0000000100000000)
  region size 1024K, 55 young (56320K), 8 survivors (8192K)
 Metaspace       used 108000K, committed 110144K, reserved 1179648K
  class space    used 14743K, committed 15808K, reserved 1048576K
}
Event: 15.800 GC heap after
{Heap after GC invocations=43 (full 0):
 garbage-first heap   total 186368K, used 119161K [0x0000000080000000, 0x0000000100000000)
  region size 1024K, 4 young (4096K), 4 survivors (4096K)
 Metaspace       used 108000K, committed 110144K, reserved 1179648K
  class space    used 14743K, committed 15808K, reserved 1048576K
}
Event: 16.468 GC heap before
{Heap before GC invocations=44 (full 0):
 garbage-first heap   total 199680K, used 184697K [0x0000000080000000, 0x0000000100000000)
  region size 1024K, 53 young (54272K), 4 survivors (4096K)
 Metaspace       used 110659K, committed 112768K, reserved 1179648K
  class space    used 15026K, committed 16128K, reserved 1048576K
}
Event: 16.473 GC heap after
{Heap after GC invocations=45 (full 0):
 garbage-first heap   total 199680K, used 122552K [0x0000000080000000, 0x0000000100000000)
  region size 1024K, 7 young (7168K), 7 survivors (7168K)
 Metaspace       used 110659K, committed 112768K, reserved 1179648K
  class space    used 15026K, committed 16128K, reserved 1048576K
}
Event: 25.577 GC heap before
{Heap before GC invocations=45 (full 0):
 garbage-first heap   total 199680K, used 179896K [0x0000000080000000, 0x0000000100000000)
  region size 1024K, 64 young (65536K), 7 survivors (7168K)
 Metaspace       used 111852K, committed 114048K, reserved 1179648K
  class space    used 15201K, committed 16320K, reserved 1048576K
}
Event: 25.585 GC heap after
{Heap after GC invocations=46 (full 0):
 garbage-first heap   total 199680K, used 123794K [0x0000000080000000, 0x0000000100000000)
  region size 1024K, 7 young (7168K), 7 survivors (7168K)
 Metaspace       used 111852K, committed 114048K, reserved 1179648K
  class space    used 15201K, committed 16320K, reserved 1048576K
}
Event: 35.224 GC heap before
{Heap before GC invocations=46 (full 0):
 garbage-first heap   total 199680K, used 180114K [0x0000000080000000, 0x0000000100000000)
  region size 1024K, 63 young (64512K), 7 survivors (7168K)
 Metaspace       used 113143K, committed 115392K, reserved 1179648K
  class space    used 15372K, committed 16512K, reserved 1048576K
}
Event: 35.232 GC heap after
{Heap after GC invocations=47 (full 0):
 garbage-first heap   total 199680K, used 129921K [0x0000000080000000, 0x0000000100000000)
  region size 1024K, 8 young (8192K), 8 survivors (8192K)
 Metaspace       used 113143K, committed 115392K, reserved 1179648K
  class space    used 15372K, committed 16512K, reserved 1048576K
}
Event: 35.780 GC heap before
{Heap before GC invocations=48 (full 0):
 garbage-first heap   total 217088K, used 178049K [0x0000000080000000, 0x0000000100000000)
  region size 1024K, 56 young (57344K), 8 survivors (8192K)
 Metaspace       used 116028K, committed 118272K, reserved 1179648K
  class space    used 15760K, committed 16896K, reserved 1048576K
}
Event: 35.788 GC heap after
{Heap after GC invocations=49 (full 0):
 garbage-first heap   total 217088K, used 135643K [0x0000000080000000, 0x0000000100000000)
  region size 1024K, 6 young (6144K), 6 survivors (6144K)
 Metaspace       used 116028K, committed 118272K, reserved 1179648K
  class space    used 15760K, committed 16896K, reserved 1048576K
}
Event: 36.296 GC heap before
{Heap before GC invocations=49 (full 0):
 garbage-first heap   total 217088K, used 195035K [0x0000000080000000, 0x0000000100000000)
  region size 1024K, 65 young (66560K), 6 survivors (6144K)
 Metaspace       used 124971K, committed 127232K, reserved 1179648K
  class space    used 17147K, committed 18304K, reserved 1048576K
}
Event: 36.301 GC heap after
{Heap after GC invocations=50 (full 0):
 garbage-first heap   total 217088K, used 135549K [0x0000000080000000, 0x0000000100000000)
  region size 1024K, 3 young (3072K), 3 survivors (3072K)
 Metaspace       used 124971K, committed 127232K, reserved 1179648K
  class space    used 17147K, committed 18304K, reserved 1048576K
}
Event: 36.746 GC heap before
{Heap before GC invocations=50 (full 0):
 garbage-first heap   total 217088K, used 199037K [0x0000000080000000, 0x0000000100000000)
  region size 1024K, 66 young (67584K), 3 survivors (3072K)
 Metaspace       used 130167K, committed 132480K, reserved 1179648K
  class space    used 17951K, committed 19136K, reserved 1048576K
}
Event: 36.750 GC heap after
{Heap after GC invocations=51 (full 0):
 garbage-first heap   total 217088K, used 135615K [0x0000000080000000, 0x0000000100000000)
  region size 1024K, 3 young (3072K), 3 survivors (3072K)
 Metaspace       used 130167K, committed 132480K, reserved 1179648K
  class space    used 17951K, committed 19136K, reserved 1048576K
}
Event: 38.073 GC heap before
{Heap before GC invocations=52 (full 0):
 garbage-first heap   total 227328K, used 212415K [0x0000000080000000, 0x0000000100000000)
  region size 1024K, 67 young (68608K), 3 survivors (3072K)
 Metaspace       used 134152K, committed 136448K, reserved 1179648K
  class space    used 18480K, committed 19648K, reserved 1048576K
}
Event: 38.078 GC heap after
{Heap after GC invocations=53 (full 0):
 garbage-first heap   total 227328K, used 151239K [0x0000000080000000, 0x0000000100000000)
  region size 1024K, 6 young (6144K), 6 survivors (6144K)
 Metaspace       used 134152K, committed 136448K, reserved 1179648K
  class space    used 18480K, committed 19648K, reserved 1048576K
}
Event: 38.449 GC heap before
{Heap before GC invocations=53 (full 0):
 garbage-first heap   total 322560K, used 322247K [0x0000000080000000, 0x0000000100000000)
  region size 1024K, 12 young (12288K), 6 survivors (6144K)
 Metaspace       used 134707K, committed 136960K, reserved 1179648K
  class space    used 18562K, committed 19712K, reserved 1048576K
}
Event: 38.456 GC heap after
{Heap after GC invocations=54 (full 0):
 garbage-first heap   total 330752K, used 136983K [0x0000000080000000, 0x0000000100000000)
  region size 1024K, 4 young (4096K), 4 survivors (4096K)
 Metaspace       used 134707K, committed 136960K, reserved 1179648K
  class space    used 18562K, committed 19712K, reserved 1048576K
}

